y stats: {'count': 8990.0, 'mean': 0.00046920287422835827, 'std': 0.010550538077950478, 'min': -0.03975367918610573, '25%': -0.004323719418607652, '50%': 0.0006585521332453936, '75%': 0.005899990908801556, 'max': 0.04066144675016403}
[fold1] drop near-constant in TRAIN: 127
[fold2] drop near-constant in TRAIN: 77
[fold3] drop near-constant in TRAIN: 57
[fold4] drop near-constant in TRAIN: 19
[fold5] drop near-constant in TRAIN: 9
[filter] drop union near-constant: 127 → keep 625
prediction clip range: [-0.0522835, 0.0532219]
[LightGBM] [Warning] min_data_in_leaf is set=20, min_child_samples=20 will be ignored. Current value: min_data_in_leaf=20
[LightGBM] [Warning] min_gain_to_split is set=0.0, min_split_gain=0.0 will be ignored. Current value: min_gain_to_split=0.0
[LightGBM] [Warning] min_data_in_leaf is set=20, min_child_samples=20 will be ignored. Current value: min_data_in_leaf=20
[LightGBM] [Warning] min_gain_to_split is set=0.0, min_split_gain=0.0 will be ignored. Current value: min_gain_to_split=0.0
[LightGBM] [Info] Auto-choosing col-wise multi-threading, the overhead of testing was 0.025228 seconds.
You can set `force_col_wise=true` to remove the overhead.
[LightGBM] [Info] Total Bins 68426
[LightGBM] [Info] Number of data points in the train set: 1500, number of used features: 526
[LightGBM] [Warning] min_data_in_leaf is set=20, min_child_samples=20 will be ignored. Current value: min_data_in_leaf=20
[LightGBM] [Warning] min_gain_to_split is set=0.0, min_split_gain=0.0 will be ignored. Current value: min_gain_to_split=0.0
[LightGBM] [Info] Start training from score 0.000501
[LightGBM] [Warning] min_gain_to_split is set=0.0, min_split_gain=0.0 will be ignored. Current value: min_gain_to_split=0.0
[LightGBM] [Warning] min_data_in_leaf is set=20, min_child_samples=20 will be ignored. Current value: min_data_in_leaf=20
[LightGBM] [Warning] min_gain_to_split is set=0.0, min_split_gain=0.0 will be ignored. Current value: min_gain_to_split=0.0
[LightGBM] [Warning] min_data_in_leaf is set=20, min_child_samples=20 will be ignored. Current value: min_data_in_leaf=20
[fold1] y_va std=0.012078 | p1v(min/mean/max/std)=(0.00039918603436284227, 0.0005034768106203371, 0.0006111475137173935, 5.268115786652823e-05) | p2v=(-0.05228348821401596, -0.045399460941553116, 0.053221892565488815, 0.02469792030751705)
[LightGBM] [Warning] min_data_in_leaf is set=20, min_child_samples=20 will be ignored. Current value: min_data_in_leaf=20
[LightGBM] [Warning] min_gain_to_split is set=0.0, min_split_gain=0.0 will be ignored. Current value: min_gain_to_split=0.0
[LightGBM] [Warning] min_data_in_leaf is set=20, min_child_samples=20 will be ignored. Current value: min_data_in_leaf=20
[LightGBM] [Warning] min_gain_to_split is set=0.0, min_split_gain=0.0 will be ignored. Current value: min_gain_to_split=0.0
[LightGBM] [Info] Auto-choosing col-wise multi-threading, the overhead of testing was 0.044875 seconds.
You can set `force_col_wise=true` to remove the overhead.
[LightGBM] [Info] Total Bins 102052
[LightGBM] [Info] Number of data points in the train set: 2998, number of used features: 571
[LightGBM] [Warning] min_data_in_leaf is set=20, min_child_samples=20 will be ignored. Current value: min_data_in_leaf=20
[LightGBM] [Warning] min_gain_to_split is set=0.0, min_split_gain=0.0 will be ignored. Current value: min_gain_to_split=0.0
[LightGBM] [Info] Start training from score 0.000528
[LightGBM] [Warning] min_gain_to_split is set=0.0, min_split_gain=0.0 will be ignored. Current value: min_gain_to_split=0.0
[LightGBM] [Warning] min_data_in_leaf is set=20, min_child_samples=20 will be ignored. Current value: min_data_in_leaf=20
[LightGBM] [Warning] min_gain_to_split is set=0.0, min_split_gain=0.0 will be ignored. Current value: min_gain_to_split=0.0
[LightGBM] [Warning] min_data_in_leaf is set=20, min_child_samples=20 will be ignored. Current value: min_data_in_leaf=20
[fold2] y_va std=0.0098039 | p1v(min/mean/max/std)=(-0.0010527899811567805, 0.0003816235934368892, 0.003162222097994805, 0.0005153661699027769) | p2v=(-0.05228348821401596, 0.02786838822066784, 0.053221892565488815, 0.040107421576976776)
[LightGBM] [Warning] min_data_in_leaf is set=20, min_child_samples=20 will be ignored. Current value: min_data_in_leaf=20
[LightGBM] [Warning] min_gain_to_split is set=0.0, min_split_gain=0.0 will be ignored. Current value: min_gain_to_split=0.0
[LightGBM] [Warning] min_data_in_leaf is set=20, min_child_samples=20 will be ignored. Current value: min_data_in_leaf=20
[LightGBM] [Warning] min_gain_to_split is set=0.0, min_split_gain=0.0 will be ignored. Current value: min_gain_to_split=0.0
[LightGBM] [Info] Auto-choosing col-wise multi-threading, the overhead of testing was 0.067602 seconds.
You can set `force_col_wise=true` to remove the overhead.
[LightGBM] [Info] Total Bins 112458
[LightGBM] [Info] Number of data points in the train set: 4496, number of used features: 595
[LightGBM] [Warning] min_data_in_leaf is set=20, min_child_samples=20 will be ignored. Current value: min_data_in_leaf=20
[LightGBM] [Warning] min_gain_to_split is set=0.0, min_split_gain=0.0 will be ignored. Current value: min_gain_to_split=0.0
[LightGBM] [Info] Start training from score 0.000445
[LightGBM] [Warning] min_gain_to_split is set=0.0, min_split_gain=0.0 will be ignored. Current value: min_gain_to_split=0.0
[LightGBM] [Warning] min_data_in_leaf is set=20, min_child_samples=20 will be ignored. Current value: min_data_in_leaf=20
[LightGBM] [Warning] min_gain_to_split is set=0.0, min_split_gain=0.0 will be ignored. Current value: min_gain_to_split=0.0
[LightGBM] [Warning] min_data_in_leaf is set=20, min_child_samples=20 will be ignored. Current value: min_data_in_leaf=20
[fold3] y_va std=0.0132726 | p1v(min/mean/max/std)=(0.0002740964293603521, 0.0004851357820267118, 0.0009054242085061648, 8.425790419426539e-05) | p2v=(-0.05228348821401596, -0.021534841507673264, 0.053221892565488815, 0.039178360253572464)
[LightGBM] [Warning] min_data_in_leaf is set=20, min_child_samples=20 will be ignored. Current value: min_data_in_leaf=20
[LightGBM] [Warning] min_gain_to_split is set=0.0, min_split_gain=0.0 will be ignored. Current value: min_gain_to_split=0.0
[LightGBM] [Warning] min_data_in_leaf is set=20, min_child_samples=20 will be ignored. Current value: min_data_in_leaf=20
[LightGBM] [Warning] min_gain_to_split is set=0.0, min_split_gain=0.0 will be ignored. Current value: min_gain_to_split=0.0
[LightGBM] [Info] Auto-choosing col-wise multi-threading, the overhead of testing was 0.095854 seconds.
You can set `force_col_wise=true` to remove the overhead.
[LightGBM] [Info] Total Bins 122859
[LightGBM] [Info] Number of data points in the train set: 5994, number of used features: 619
[LightGBM] [Warning] min_data_in_leaf is set=20, min_child_samples=20 will be ignored. Current value: min_data_in_leaf=20
[LightGBM] [Warning] min_gain_to_split is set=0.0, min_split_gain=0.0 will be ignored. Current value: min_gain_to_split=0.0
[LightGBM] [Info] Start training from score 0.000414
[LightGBM] [Warning] min_gain_to_split is set=0.0, min_split_gain=0.0 will be ignored. Current value: min_gain_to_split=0.0
[LightGBM] [Warning] min_data_in_leaf is set=20, min_child_samples=20 will be ignored. Current value: min_data_in_leaf=20
[LightGBM] [Warning] min_gain_to_split is set=0.0, min_split_gain=0.0 will be ignored. Current value: min_gain_to_split=0.0
[LightGBM] [Warning] min_data_in_leaf is set=20, min_child_samples=20 will be ignored. Current value: min_data_in_leaf=20
[fold4] y_va std=0.00819523 | p1v(min/mean/max/std)=(-0.000736470316984756, 0.0003594811767582868, 0.002502748805185584, 0.00025971612066729804) | p2v=(-0.05228348821401596, 0.018767692148685455, 0.053221892565488815, 0.03131755068898201)
[LightGBM] [Warning] min_data_in_leaf is set=20, min_child_samples=20 will be ignored. Current value: min_data_in_leaf=20
[LightGBM] [Warning] min_gain_to_split is set=0.0, min_split_gain=0.0 will be ignored. Current value: min_gain_to_split=0.0
[LightGBM] [Warning] min_data_in_leaf is set=20, min_child_samples=20 will be ignored. Current value: min_data_in_leaf=20
[LightGBM] [Warning] min_gain_to_split is set=0.0, min_split_gain=0.0 will be ignored. Current value: min_gain_to_split=0.0
[LightGBM] [Info] Auto-choosing col-wise multi-threading, the overhead of testing was 0.114676 seconds.
You can set `force_col_wise=true` to remove the overhead.
[LightGBM] [Info] Total Bins 126379
[LightGBM] [Info] Number of data points in the train set: 7492, number of used features: 625
[LightGBM] [Warning] min_data_in_leaf is set=20, min_child_samples=20 will be ignored. Current value: min_data_in_leaf=20
[LightGBM] [Warning] min_gain_to_split is set=0.0, min_split_gain=0.0 will be ignored. Current value: min_gain_to_split=0.0
[LightGBM] [Info] Start training from score 0.000427
[LightGBM] [Warning] min_gain_to_split is set=0.0, min_split_gain=0.0 will be ignored. Current value: min_gain_to_split=0.0
[LightGBM] [Warning] min_data_in_leaf is set=20, min_child_samples=20 will be ignored. Current value: min_data_in_leaf=20
[LightGBM] [Warning] min_gain_to_split is set=0.0, min_split_gain=0.0 will be ignored. Current value: min_gain_to_split=0.0
[LightGBM] [Warning] min_data_in_leaf is set=20, min_child_samples=20 will be ignored. Current value: min_data_in_leaf=20
[fold5] y_va std=0.0113686 | p1v(min/mean/max/std)=(0.0002641683013607688, 0.0004206027050731065, 0.000582097021805914, 8.619350483352431e-05) | p2v=(-0.031162099912762642, 0.001531932968646288, 0.04518723487854004, 0.010291145183146)
Covered samples: 7490 / 8990
OOF R2 (scored & covered): -1.23210380529878
OOF RMSE (scored & covered): 0.016559541
OOF MAE  (scored & covered): 0.013590343
[ok] wrote submission.csv
