[fold1] drop near-constant in TRAIN: 127
[fold2] drop near-constant in TRAIN: 77
[fold3] drop near-constant in TRAIN: 57
[fold4] drop near-constant in TRAIN: 19
[fold5] drop near-constant in TRAIN: 9
[filter] drop union near-constant: 127 → keep 625
[LightGBM] [Warning] min_data_in_leaf is set=20, min_child_samples=20 will be ignored. Current value: min_data_in_leaf=20
[LightGBM] [Warning] min_gain_to_split is set=0.0, min_split_gain=0.0 will be ignored. Current value: min_gain_to_split=0.0
[LightGBM] [Warning] min_data_in_leaf is set=20, min_child_samples=20 will be ignored. Current value: min_data_in_leaf=20
[LightGBM] [Warning] min_gain_to_split is set=0.0, min_split_gain=0.0 will be ignored. Current value: min_gain_to_split=0.0
[LightGBM] [Info] Auto-choosing col-wise multi-threading, the overhead of testing was 0.028851 seconds.
You can set `force_col_wise=true` to remove the overhead.
[LightGBM] [Info] Total Bins 68426
[LightGBM] [Info] Number of data points in the train set: 1500, number of used features: 526
[LightGBM] [Warning] min_data_in_leaf is set=20, min_child_samples=20 will be ignored. Current value: min_data_in_leaf=20
[LightGBM] [Warning] min_gain_to_split is set=0.0, min_split_gain=0.0 will be ignored. Current value: min_gain_to_split=0.0
[LightGBM] [Info] Start training from score 0.000501
[LightGBM] [Warning] min_gain_to_split is set=0.0, min_split_gain=0.0 will be ignored. Current value: min_gain_to_split=0.0
[LightGBM] [Warning] min_data_in_leaf is set=20, min_child_samples=20 will be ignored. Current value: min_data_in_leaf=20
[LightGBM] [Warning] min_gain_to_split is set=0.0, min_split_gain=0.0 will be ignored. Current value: min_gain_to_split=0.0
[LightGBM] [Warning] min_data_in_leaf is set=20, min_child_samples=20 will be ignored. Current value: min_data_in_leaf=20
[LightGBM] [Warning] min_data_in_leaf is set=20, min_child_samples=20 will be ignored. Current value: min_data_in_leaf=20
[LightGBM] [Warning] min_gain_to_split is set=0.0, min_split_gain=0.0 will be ignored. Current value: min_gain_to_split=0.0
[LightGBM] [Warning] min_data_in_leaf is set=20, min_child_samples=20 will be ignored. Current value: min_data_in_leaf=20
[LightGBM] [Warning] min_gain_to_split is set=0.0, min_split_gain=0.0 will be ignored. Current value: min_gain_to_split=0.0
[LightGBM] [Info] Auto-choosing col-wise multi-threading, the overhead of testing was 0.045534 seconds.
You can set `force_col_wise=true` to remove the overhead.
[LightGBM] [Info] Total Bins 102052
[LightGBM] [Info] Number of data points in the train set: 2998, number of used features: 571
[LightGBM] [Warning] min_data_in_leaf is set=20, min_child_samples=20 will be ignored. Current value: min_data_in_leaf=20
[LightGBM] [Warning] min_gain_to_split is set=0.0, min_split_gain=0.0 will be ignored. Current value: min_gain_to_split=0.0
[LightGBM] [Info] Start training from score 0.000528
[LightGBM] [Warning] min_gain_to_split is set=0.0, min_split_gain=0.0 will be ignored. Current value: min_gain_to_split=0.0
[LightGBM] [Warning] min_data_in_leaf is set=20, min_child_samples=20 will be ignored. Current value: min_data_in_leaf=20
[LightGBM] [Warning] min_gain_to_split is set=0.0, min_split_gain=0.0 will be ignored. Current value: min_gain_to_split=0.0
[LightGBM] [Warning] min_data_in_leaf is set=20, min_child_samples=20 will be ignored. Current value: min_data_in_leaf=20
[LightGBM] [Warning] min_data_in_leaf is set=20, min_child_samples=20 will be ignored. Current value: min_data_in_leaf=20
[LightGBM] [Warning] min_gain_to_split is set=0.0, min_split_gain=0.0 will be ignored. Current value: min_gain_to_split=0.0
[LightGBM] [Warning] min_data_in_leaf is set=20, min_child_samples=20 will be ignored. Current value: min_data_in_leaf=20
[LightGBM] [Warning] min_gain_to_split is set=0.0, min_split_gain=0.0 will be ignored. Current value: min_gain_to_split=0.0
[LightGBM] [Info] Auto-choosing col-wise multi-threading, the overhead of testing was 0.069479 seconds.
You can set `force_col_wise=true` to remove the overhead.
[LightGBM] [Info] Total Bins 112458
[LightGBM] [Info] Number of data points in the train set: 4496, number of used features: 595
[LightGBM] [Warning] min_data_in_leaf is set=20, min_child_samples=20 will be ignored. Current value: min_data_in_leaf=20
[LightGBM] [Warning] min_gain_to_split is set=0.0, min_split_gain=0.0 will be ignored. Current value: min_gain_to_split=0.0
[LightGBM] [Info] Start training from score 0.000445
[LightGBM] [Warning] min_gain_to_split is set=0.0, min_split_gain=0.0 will be ignored. Current value: min_gain_to_split=0.0
[LightGBM] [Warning] min_data_in_leaf is set=20, min_child_samples=20 will be ignored. Current value: min_data_in_leaf=20
[LightGBM] [Warning] min_gain_to_split is set=0.0, min_split_gain=0.0 will be ignored. Current value: min_gain_to_split=0.0
[LightGBM] [Warning] min_data_in_leaf is set=20, min_child_samples=20 will be ignored. Current value: min_data_in_leaf=20
[LightGBM] [Warning] min_data_in_leaf is set=20, min_child_samples=20 will be ignored. Current value: min_data_in_leaf=20
[LightGBM] [Warning] min_gain_to_split is set=0.0, min_split_gain=0.0 will be ignored. Current value: min_gain_to_split=0.0
[LightGBM] [Warning] min_data_in_leaf is set=20, min_child_samples=20 will be ignored. Current value: min_data_in_leaf=20
[LightGBM] [Warning] min_gain_to_split is set=0.0, min_split_gain=0.0 will be ignored. Current value: min_gain_to_split=0.0
[LightGBM] [Info] Auto-choosing col-wise multi-threading, the overhead of testing was 0.095241 seconds.
You can set `force_col_wise=true` to remove the overhead.
[LightGBM] [Info] Total Bins 122859
[LightGBM] [Info] Number of data points in the train set: 5994, number of used features: 619
[LightGBM] [Warning] min_data_in_leaf is set=20, min_child_samples=20 will be ignored. Current value: min_data_in_leaf=20
[LightGBM] [Warning] min_gain_to_split is set=0.0, min_split_gain=0.0 will be ignored. Current value: min_gain_to_split=0.0
[LightGBM] [Info] Start training from score 0.000414
[LightGBM] [Warning] min_gain_to_split is set=0.0, min_split_gain=0.0 will be ignored. Current value: min_gain_to_split=0.0
[LightGBM] [Warning] min_data_in_leaf is set=20, min_child_samples=20 will be ignored. Current value: min_data_in_leaf=20
[LightGBM] [Warning] min_gain_to_split is set=0.0, min_split_gain=0.0 will be ignored. Current value: min_gain_to_split=0.0
[LightGBM] [Warning] min_data_in_leaf is set=20, min_child_samples=20 will be ignored. Current value: min_data_in_leaf=20
[LightGBM] [Warning] min_data_in_leaf is set=20, min_child_samples=20 will be ignored. Current value: min_data_in_leaf=20
[LightGBM] [Warning] min_gain_to_split is set=0.0, min_split_gain=0.0 will be ignored. Current value: min_gain_to_split=0.0
[LightGBM] [Warning] min_data_in_leaf is set=20, min_child_samples=20 will be ignored. Current value: min_data_in_leaf=20
[LightGBM] [Warning] min_gain_to_split is set=0.0, min_split_gain=0.0 will be ignored. Current value: min_gain_to_split=0.0
[LightGBM] [Info] Auto-choosing col-wise multi-threading, the overhead of testing was 0.109495 seconds.
You can set `force_col_wise=true` to remove the overhead.
[LightGBM] [Info] Total Bins 126379
[LightGBM] [Info] Number of data points in the train set: 7492, number of used features: 625
[LightGBM] [Warning] min_data_in_leaf is set=20, min_child_samples=20 will be ignored. Current value: min_data_in_leaf=20
[LightGBM] [Warning] min_gain_to_split is set=0.0, min_split_gain=0.0 will be ignored. Current value: min_gain_to_split=0.0
[LightGBM] [Info] Start training from score 0.000427
[LightGBM] [Warning] min_gain_to_split is set=0.0, min_split_gain=0.0 will be ignored. Current value: min_gain_to_split=0.0
[LightGBM] [Warning] min_data_in_leaf is set=20, min_child_samples=20 will be ignored. Current value: min_data_in_leaf=20
[LightGBM] [Warning] min_gain_to_split is set=0.0, min_split_gain=0.0 will be ignored. Current value: min_gain_to_split=0.0
[LightGBM] [Warning] min_data_in_leaf is set=20, min_child_samples=20 will be ignored. Current value: min_data_in_leaf=20
